{"D:\\Microverse\\Module 2\\Testing-Practice\\test1.js": {"path":"D:\\Microverse\\Module 2\\Testing-Practice\\test1.js","statementMap":{"0":{"start":{"line":1,"column":21},"end":{"line":7,"column":1}},"1":{"start":{"line":2,"column":4},"end":{"line":6,"column":5}},"2":{"start":{"line":3,"column":8},"end":{"line":3,"column":93}},"3":{"start":{"line":5,"column":8},"end":{"line":5,"column":29}},"4":{"start":{"line":9,"column":0},"end":{"line":9,"column":30}}},"fnMap":{"0":{"name":"(anonymous_0)","decl":{"start":{"line":1,"column":21},"end":{"line":1,"column":22}},"loc":{"start":{"line":1,"column":33},"end":{"line":7,"column":1}},"line":1}},"branchMap":{"0":{"loc":{"start":{"line":2,"column":4},"end":{"line":6,"column":5}},"type":"if","locations":[{"start":{"line":2,"column":4},"end":{"line":6,"column":5}},{"start":{"line":4,"column":11},"end":{"line":6,"column":5}}],"line":2},"1":{"loc":{"start":{"line":2,"column":7},"end":{"line":2,"column":46}},"type":"binary-expr","locations":[{"start":{"line":2,"column":7},"end":{"line":2,"column":25}},{"start":{"line":2,"column":29},"end":{"line":2,"column":46}}],"line":2}},"s":{"0":1,"1":2,"2":1,"3":1,"4":1},"f":{"0":2},"b":{"0":[1,1],"1":[2,1]},"_coverageSchema":"1a1c01bbd47fc00a2c39e90264f33305004495a9","hash":"f00f8a7f937e2a7ca0a3f98faf34e2e233b48010"}
}
